  WygietePoloczenie.cpp
c:\users\barpel\documents\visual studio 2015\gkproject\gkproject\gkproject\wygietepoloczenie.cpp(11): warning C4305: 'initializing': truncation from 'double' to 'GLfloat'
c:\users\barpel\documents\visual studio 2015\gkproject\gkproject\gkproject\wygietepoloczenie.cpp(21): warning C4244: 'argument': conversion from 'double' to 'GLfloat', possible loss of data
c:\users\barpel\documents\visual studio 2015\gkproject\gkproject\gkproject\wygietepoloczenie.cpp(22): warning C4244: 'argument': conversion from 'double' to 'GLfloat', possible loss of data
  Walec.cpp
c:\users\barpel\documents\visual studio 2015\gkproject\gkproject\gkproject\walec.cpp(38): warning C4244: 'argument': conversion from 'double' to 'GLfloat', possible loss of data
c:\users\barpel\documents\visual studio 2015\gkproject\gkproject\gkproject\walec.cpp(42): warning C4244: 'argument': conversion from 'double' to 'GLfloat', possible loss of data
c:\users\barpel\documents\visual studio 2015\gkproject\gkproject\gkproject\walec.cpp(54): warning C4244: 'argument': conversion from 'double' to 'GLfloat', possible loss of data
c:\users\barpel\documents\visual studio 2015\gkproject\gkproject\gkproject\walec.cpp(65): warning C4244: 'argument': conversion from 'double' to 'GLfloat', possible loss of data
  Szescian.cpp
  Stozek.cpp
c:\users\barpel\documents\visual studio 2015\gkproject\gkproject\gkproject\stozek.cpp(39): warning C4244: 'argument': conversion from 'double' to 'GLfloat', possible loss of data
c:\users\barpel\documents\visual studio 2015\gkproject\gkproject\gkproject\stozek.cpp(50): warning C4244: 'argument': conversion from 'double' to 'GLfloat', possible loss of data
c:\users\barpel\documents\visual studio 2015\gkproject\gkproject\gkproject\stozek.cpp(54): warning C4244: 'argument': conversion from 'double' to 'GLfloat', possible loss of data
c:\users\barpel\documents\visual studio 2015\gkproject\gkproject\gkproject\stozek.cpp(64): warning C4244: 'argument': conversion from 'double' to 'GLfloat', possible loss of data
c:\users\barpel\documents\visual studio 2015\gkproject\gkproject\gkproject\stozek.cpp(68): warning C4244: 'argument': conversion from 'double' to 'GLfloat', possible loss of data
c:\users\barpel\documents\visual studio 2015\gkproject\gkproject\gkproject\stozek.cpp(78): warning C4244: 'argument': conversion from 'double' to 'GLfloat', possible loss of data
c:\users\barpel\documents\visual studio 2015\gkproject\gkproject\gkproject\stozek.cpp(82): warning C4244: 'argument': conversion from 'double' to 'GLfloat', possible loss of data
c:\users\barpel\documents\visual studio 2015\gkproject\gkproject\gkproject\stozek.cpp(93): warning C4244: 'argument': conversion from 'double' to 'GLfloat', possible loss of data
  Smiglo.cpp
c:\users\barpel\documents\visual studio 2015\gkproject\gkproject\gkproject\smiglo.cpp(27): warning C4305: 'initializing': truncation from 'double' to 'float'
c:\users\barpel\documents\visual studio 2015\gkproject\gkproject\gkproject\smiglo.cpp(35): warning C4244: 'argument': conversion from 'double' to 'GLfloat', possible loss of data
c:\users\barpel\documents\visual studio 2015\gkproject\gkproject\gkproject\smiglo.cpp(36): warning C4244: 'argument': conversion from 'double' to 'GLfloat', possible loss of data
c:\users\barpel\documents\visual studio 2015\gkproject\gkproject\gkproject\smiglo.cpp(47): warning C4244: 'argument': conversion from 'double' to 'GLfloat', possible loss of data
c:\users\barpel\documents\visual studio 2015\gkproject\gkproject\gkproject\smiglo.cpp(48): warning C4244: 'argument': conversion from 'double' to 'GLfloat', possible loss of data
c:\users\barpel\documents\visual studio 2015\gkproject\gkproject\gkproject\smiglo.cpp(62): warning C4244: 'argument': conversion from 'double' to 'GLfloat', possible loss of data
c:\users\barpel\documents\visual studio 2015\gkproject\gkproject\gkproject\smiglo.cpp(63): warning C4244: 'argument': conversion from 'double' to 'GLfloat', possible loss of data
c:\users\barpel\documents\visual studio 2015\gkproject\gkproject\gkproject\smiglo.cpp(75): warning C4244: 'argument': conversion from 'double' to 'GLfloat', possible loss of data
c:\users\barpel\documents\visual studio 2015\gkproject\gkproject\gkproject\smiglo.cpp(76): warning C4244: 'argument': conversion from 'double' to 'GLfloat', possible loss of data
  Scene.cpp
c:\users\barpel\documents\visual studio 2015\gkproject\gkproject\gkproject\scene.cpp(32): warning C4101: 'nozki2': unreferenced local variable
  Main.cpp
c:\users\barpel\documents\visual studio 2015\gkproject\gkproject\gkproject\main.cpp(268): warning C4018: '<': signed/unsigned mismatch
c:\users\barpel\documents\visual studio 2015\gkproject\gkproject\gkproject\main.cpp(502): warning C4244: 'return': conversion from 'WPARAM' to 'int', possible loss of data
c:\users\barpel\documents\visual studio 2015\gkproject\gkproject\gkproject\main.cpp(671): warning C4244: '=': conversion from 'int' to 'GLfloat', possible loss of data
c:\users\barpel\documents\visual studio 2015\gkproject\gkproject\gkproject\main.cpp(672): warning C4244: '=': conversion from 'int' to 'GLfloat', possible loss of data
  Sfera.cpp
c:\users\barpel\documents\visual studio 2015\gkproject\gkproject\gkproject\sfera.cpp(55): warning C4244: 'argument': conversion from 'double' to 'GLfloat', possible loss of data
c:\users\barpel\documents\visual studio 2015\gkproject\gkproject\gkproject\sfera.cpp(59): warning C4244: 'argument': conversion from 'double' to 'GLfloat', possible loss of data
c:\users\barpel\documents\visual studio 2015\gkproject\gkproject\gkproject\sfera.cpp(63): warning C4244: 'argument': conversion from 'double' to 'GLfloat', possible loss of data
c:\users\barpel\documents\visual studio 2015\gkproject\gkproject\gkproject\sfera.cpp(67): warning C4244: 'argument': conversion from 'double' to 'GLfloat', possible loss of data
c:\users\barpel\documents\visual studio 2015\gkproject\gkproject\gkproject\sfera.cpp(33): warning C4101: 'y1': unreferenced local variable
c:\users\barpel\documents\visual studio 2015\gkproject\gkproject\gkproject\sfera.cpp(33): warning C4101: 'x1': unreferenced local variable
c:\users\barpel\documents\visual studio 2015\gkproject\gkproject\gkproject\sfera.cpp(33): warning C4101: 'z1': unreferenced local variable
  Nozki.cpp
c:\users\barpel\documents\visual studio 2015\gkproject\gkproject\gkproject\nozki.cpp(12): warning C4305: 'initializing': truncation from 'double' to 'GLfloat'
  Coordinate.cpp
  Generating Code...
  LINK : C:\Users\Barpel\Documents\Visual Studio 2015\GKProject\GKProject\x64\Debug\GKProject.exe not found or not built by the last incremental link; performing full link
  GKProject.vcxproj -> C:\Users\Barpel\Documents\Visual Studio 2015\GKProject\GKProject\x64\Debug\GKProject.exe
  GKProject.vcxproj -> C:\Users\Barpel\Documents\Visual Studio 2015\GKProject\GKProject\x64\Debug\GKProject.pdb (Full PDB)
