c:\users\megam\downloads\gkproject\gkproject\x64\debug\vc141.pdb
c:\users\megam\downloads\gkproject\gkproject\x64\debug\vc141.idb
c:\users\megam\downloads\gkproject\gkproject\x64\debug\bieznia.obj
c:\users\megam\downloads\gkproject\gkproject\x64\debug\cialo.obj
c:\users\megam\downloads\gkproject\gkproject\x64\debug\coordinate.obj
c:\users\megam\downloads\gkproject\gkproject\x64\debug\dron.obj
c:\users\megam\downloads\gkproject\gkproject\x64\debug\drzewo.obj
c:\users\megam\downloads\gkproject\gkproject\x64\debug\lampa.obj
c:\users\megam\downloads\gkproject\gkproject\x64\debug\nozki.obj
c:\users\megam\downloads\gkproject\gkproject\x64\debug\podwozie.obj
c:\users\megam\downloads\gkproject\gkproject\x64\debug\sfera.obj
c:\users\megam\downloads\gkproject\gkproject\x64\debug\main.obj
c:\users\megam\downloads\gkproject\gkproject\x64\debug\scene.obj
c:\users\megam\downloads\gkproject\gkproject\x64\debug\skrzydla.obj
c:\users\megam\downloads\gkproject\gkproject\x64\debug\smiglo.obj
c:\users\megam\downloads\gkproject\gkproject\x64\debug\silnik.obj
c:\users\megam\downloads\gkproject\gkproject\x64\debug\szescian.obj
c:\users\megam\downloads\gkproject\gkproject\x64\debug\trapez.obj
c:\users\megam\downloads\gkproject\gkproject\x64\debug\walec.obj
c:\users\megam\downloads\gkproject\gkproject\x64\debug\wygietepoloczenie.obj
c:\users\megam\downloads\gkproject\gkproject\x64\debug\stadion.obj
c:\users\megam\downloads\gkproject\gkproject\x64\debug\krzew.obj
c:\users\megam\downloads\gkproject\x64\debug\gkproject.ilk
c:\users\megam\downloads\gkproject\x64\debug\gkproject.exe
c:\users\megam\downloads\gkproject\x64\debug\gkproject.pdb
c:\users\megam\downloads\gkproject\gkproject\x64\debug\gkproject.tlog\cl.command.1.tlog
c:\users\megam\downloads\gkproject\gkproject\x64\debug\gkproject.tlog\cl.read.1.tlog
c:\users\megam\downloads\gkproject\gkproject\x64\debug\gkproject.tlog\cl.write.1.tlog
c:\users\megam\downloads\gkproject\gkproject\x64\debug\gkproject.tlog\link.command.1.tlog
c:\users\megam\downloads\gkproject\gkproject\x64\debug\gkproject.tlog\link.delete.1.tlog
c:\users\megam\downloads\gkproject\gkproject\x64\debug\gkproject.tlog\link.read.1.tlog
c:\users\megam\downloads\gkproject\gkproject\x64\debug\gkproject.tlog\link.write.1.tlog
